Node:Softmax-30
input Tensor:mobilenetv1_quant_B+1008
input 1, 1001, 
input type:DT_INT8, format:NHWC, elementSize: 1001
input Data:
 -69, -65, -60, -67, -74, -63, -61, -72, -64, -63, -56, -60, -65, -67, -64, -68, -59, -60, -62, -63, -68, -65, -46, -47, -58, -62, -63, -64, -64, -57, -68, -66, -68, -70, -70, -62, -79, -63, -69, -55, -71, -67, -64, -62, -62,
 -66, -68, -61, -68, -76, -72, -65, -60, -59, -64, -71, -71, -63, -67, -72, -60, -67, -70, -70, -60, -58, -66, -64, -71, -66, -66, -63, -53, -67, -57, -69, -57, -69, -63, -47, -58, -61, -60, -61, -63, -69, -67, -64, -67, -59,
 -58, -59, -56, -54, -62, -64, -64, -57, -68, -63, -62, -71, -70, -69, -58, -69, -73, -71, -64, -61, -70, -66, -52, -61, -59, -65, -70, -65, -60, -68, -69, -69, -69, -68, -71, -70, -73, -59, -58, -52, -58, -69, -71, -68, -58,
 -69, -62, -67, -68, -62, -70, -72, -67, -70, -64, -66, -60, -57, -66, -68, -63, -65, -63, -59, -62, -74, -65, -68, -61, -65, -66, -61, -63, -64, -62, -61, -61, -70, -65, -63, -75, -69, -65, -67, -65, -64, -62, -66, -65, -61,
 -65, -60, -60, -66, -62, -67, -54, -58, -59, -61, -61, -58, -64, -72, -63, -60, -59, -64, -63, -64, -63, -71, -66, -62, -65, -71, -65, -63, -63, -65, -66, -64, -63, -65, -68, -63, -67, -64, -67, -67, -64, -63, -65, -63, -58,
 -69, -67, -62, -62, -66, -62, -66, -60, -63, -62, -63, -59, -63, -65, -63, -60, -64, -61, -71, -64, -68, -64, -65, -59, -64, -65, -64, -64, -62, -63, -64, -71, -61, -66, -63, -64, -61, -59, -59, -66, -64, -65, -66, -65, -66,
 -67, -64, -71, -62, -72, -64, -65, -64, -62, -65, -58, -69, -53, -60, -53, -62, -64, -64, -67, -67, -65, -69, -69, -64, -60, -66, -68, -65, -62, -66, -60, -65, -57, -58, -59, -67, -69, -50, -62, -59, -70, -49, -63, -64, -67,
 -51, -62, -69, -69, -55, -61, -67, -69, -75, -66, -69, -71, -70, -62, -67, -69, -61, -60, -61, -66, -67, -69, -66, -63, -66, -68, -67, -68, -68, -73, -72, -67, -69, -62, -68, -64, -53, -63, -70, -65, -57, -64, -59, -57, -63,
 -60, -60, -64, -62, -67, -65, -62, -65, -64, -61, -61, -64, -63, -76, -63, -68, -65, -62, -66, -59, -65, -66, -69, -64, -67, -69, -68, -72, -67, -68, -66, -65, -64, -61, -73, -65, -65, -72, -73, -58, -45, -57, -62, -56, -63,
 -62, -55, -74, -68, -70, -51, -74, -61, -60, -51, -58, -75, -52, -63, -45, -55, -63, -64, -58, -54, -65, -64, -60, -58, -68, -56, -63, -67, -52, -58, -62, -58, -61, -60, -56, -63, -57, -60, -54, -54, -64, -53, -51, -55, -58,
 -66, -70, -46, -70, -61, -73, -60, -57, -58, -65, -62, -61, -60, -48, -57, -50, -53, -71, -72, -64, -60, -58, -63, -67, -42, -67, -64, -72, -56, -57, -58, -62, -51, -52, -70, -65, -55, -62, -54, -47, -72, -59, -54, -59, -60,
 -55, -60, -59, -70, -65, -44, -66, -67, -58, -52, -56, -54, -62, -44, -62, -68, -61, -66, -42, -53, -56, -58, -55, -53, -62, -60, -61, -67, -58, -58, -62, -70, -65, -55, -59, -60, -51, -56, -62, -60, -49, -60, -72, -62, -63,
 -48, -61, -62, -54, -51, -69, -54, -51, -68, -66, -41, -56, -43, -53, -55, -69, -66, -59, -57, -58, -56, -64, -61, -68, -50, -72, -67, -61, -49, -61, -66, -55, -69, -51, -64, -53, -73, -61, -60, -64, -61, -67, -68, -72, -50,
 -43, -53, -60, -49, -49, -56, -54, -58, -55, -48, -63, -61, -47, -54, -61, -57, -45, -58, -58, -64, -50, -58, -53, -61, -54, -64, -53, -59, -67, -49, -59, -54, -53, -63, -46, -62, -63, -57, -56, -42, -70, -65, -50, -65, -68,
 -45, -59, -46, -54, -46, -71, -47, -60, -68, -60, -60, -71, -44, -63, -64, -45, -62, -60, -54, -53, -63, -45, -56, -66, -60, -66, -57, -70, -58, -60, -61, -60, -71, -49, -67, -60, -64, -54, -57, -62, -70, -64, -63, -57, -52,
 -49, -64, -53, -45, -59, -52, -49, -48, -61, -51, -56, -70, -51, -67, -62, -66, -70, -64, -61, -56, -68, -54, -46, -65, -65, -47, -58, -48, -61, -66, -64, -69, -67, -68, -55, -61, -50, -44, -59, -55, -48, -58, -56, -66, -65,
 -51, -44, -68, -54, -50, -64, -57, -54, -64, -58, -56, -59, -49, -53, -59, -69, -67, -62, -59, -64, -63, -51, -59, -56, -66, -55, -58, -50, -53, -56, -47, -68, -65, -60, -57, -47, -64, -62, -71, -48, -49, -57, -50, -70, -50,
 -56, -57, -59, -44, -61, -41, -59, -53, -46, -57, -54, -64, -55, -54, -52, -64, -68, -60, -58, -41, -49, -67, -64, -66, -71, -59, -54, -61, -49, -56, -65, -53, -59, -58, -56, -65, -64, -53, -60, -59, -50, -58, -57, -65, -61,
 -64, -60, -56, -62, -45, -65, -70, -57, -65, -50, -65, -60, -61, -59, -48, -58, -61, -48, -61, -48, -72, -55, -51, -59, -61, -64, -64, -50, -52, -47, -66, -52, -59, -61, -60, -49, -46, -50, -64, -59, -60, -59, -60, -53, -62,
 -49, -47, -61, -63, -60, -58, -60, -54, -59, -59, -65, -75, -64, -65, -62, -63, -59, -62, -51, -67, -73, -57, -59, -56, -62, -59, -59, -62, -56, -58, -73, -53, -66, -68, -59, -65, -67, -53, -54, -54, -54, -56, -53, -51, -49,
 -59, -62, -55, -42, -61, -60, -61, -51, -54, -59, -58, -54, -63, -71, -62, -61, -69, -48, -71, -63, -57, -55, -58, -65, -67, -71, -60, -68, -68, -64, -62, -63, -60, -60, -71, -64, -68, -60, -56, -59, -62, -60, -65, -65, -61,
 -59, -58, -66, -74, -54, -45, -58, -52, -53, -59, -56, -67, -63, -54, -64, -69, -56, -73, -65, -74, -66, -64, -48, -60, -49, -59, -70, -63, -62, -77, -58, -63, -59, -61, -60, -65, -64, -66, -63, -64, -60, -56, -71, -60, -58,
 -64, -54, -74, -72, -76, -74, -72, -68, -76, -58, -58
output Tensor:mobilenetv1_quant_B+0
output 1, 1001, 
output type:DT_INT8, format:NHWC, elementSize: 1001
output Data:
 -128, -128, -128, -128, -128, -128, -128, -128, -128, -128, -128, -128, -128, -128, -128, -128, -128, -128, -128, -128, -128, -128, -126, -127, -128, -128, -128, -128, -128, -128, -128, -128, -128, -128, -128, -128, -128, -128, -128, -128, -128, -128, -128, -128, -128,
 -128, -128, -128, -128, -128, -128, -128, -128, -128, -128, -128, -128, -128, -128, -128, -128, -128, -128, -128, -128, -128, -128, -128, -128, -128, -128, -128, -128, -128, -128, -128, -128, -128, -128, -127, -128, -128, -128, -128, -128, -128, -128, -128, -128, -128,
 -128, -128, -128, -128, -128, -128, -128, -128, -128, -128, -128, -128, -128, -128, -128, -128, -128, -128, -128, -128, -128, -128, -127, -128, -128, -128, -128, -128, -128, -128, -128, -128, -128, -128, -128, -128, -128, -128, -128, -127, -128, -128, -128, -128, -128,
 -128, -128, -128, -128, -128, -128, -128, -128, -128, -128, -128, -128, -128, -128, -128, -128, -128, -128, -128, -128, -128, -128, -128, -128, -128, -128, -128, -128, -128, -128, -128, -128, -128, -128, -128, -128, -128, -128, -128, -128, -128, -128, -128, -128, -128,
 -128, -128, -128, -128, -128, -128, -128, -128, -128, -128, -128, -128, -128, -128, -128, -128, -128, -128, -128, -128, -128, -128, -128, -128, -128, -128, -128, -128, -128, -128, -128, -128, -128, -128, -128, -128, -128, -128, -128, -128, -128, -128, -128, -128, -128,
 -128, -128, -128, -128, -128, -128, -128, -128, -128, -128, -128, -128, -128, -128, -128, -128, -128, -128, -128, -128, -128, -128, -128, -128, -128, -128, -128, -128, -128, -128, -128, -128, -128, -128, -128, -128, -128, -128, -128, -128, -128, -128, -128, -128, -128,
 -128, -128, -128, -128, -128, -128, -128, -128, -128, -128, -128, -128, -128, -128, -128, -128, -128, -128, -128, -128, -128, -128, -128, -128, -128, -128, -128, -128, -128, -128, -128, -128, -128, -128, -128, -128, -128, -127, -128, -128, -128, -127, -128, -128, -128,
 -127, -128, -128, -128, -128, -128, -128, -128, -128, -128, -128, -128, -128, -128, -128, -128, -128, -128, -128, -128, -128, -128, -128, -128, -128, -128, -128, -128, -128, -128, -128, -128, -128, -128, -128, -128, -128, -128, -128, -128, -128, -128, -128, -128, -128,
 -128, -128, -128, -128, -128, -128, -128, -128, -128, -128, -128, -128, -128, -128, -128, -128, -128, -128, -128, -128, -128, -128, -128, -128, -128, -128, -128, -128, -128, -128, -128, -128, -128, -128, -128, -128, -128, -128, -128, -128, -126, -128, -128, -128, -128,
 -128, -128, -128, -128, -128, -127, -128, -128, -128, -127, -128, -128, -127, -128, -126, -128, -128, -128, -128, -128, -128, -128, -128, -128, -128, -128, -128, -128, -127, -128, -128, -128, -128, -128, -128, -128, -128, -128, -128, -128, -128, -128, -127, -128, -128,
 -128, -128, -126, -128, -128, -128, -128, -128, -128, -128, -128, -128, -128, -127, -128, -127, -128, -128, -128, -128, -128, -128, -128, -128, -125, -128, -128, -128, -128, -128, -128, -128, -127, -127, -128, -128, -128, -128, -128, -127, -128, -128, -128, -128, -128,
 -128, -128, -128, -128, -128, -126, -128, -128, -128, -127, -128, -128, -128, -126, -128, -128, -128, -128, -125, -128, -128, -128, -128, -128, -128, -128, -128, -128, -128, -128, -128, -128, -128, -128, -128, -128, -127, -128, -128, -128, -127, -128, -128, -128, -128,
 -127, -128, -128, -128, -127, -128, -128, -127, -128, -128, -124, -128, -125, -128, -128, -128, -128, -128, -128, -128, -128, -128, -128, -128, -127, -128, -128, -128, -127, -128, -128, -128, -128, -127, -128, -128, -128, -128, -128, -128, -128, -128, -128, -128, -127,
 -125, -128, -128, -127, -127, -128, -128, -128, -128, -127, -128, -128, -127, -128, -128, -128, -126, -128, -128, -128, -127, -128, -128, -128, -128, -128, -128, -128, -128, -127, -128, -128, -128, -128, -126, -128, -128, -128, -128, -125, -128, -128, -127, -128, -128,
 -126, -128, -126, -128, -126, -128, -127, -128, -128, -128, -128, -128, -126, -128, -128, -126, -128, -128, -128, -128, -128, -126, -128, -128, -128, -128, -128, -128, -128, -128, -128, -128, -128, -127, -128, -128, -128, -128, -128, -128, -128, -128, -128, -128, -127,
 -127, -128, -128, -126, -128, -127, -127, -127, -128, -127, -128, -128, -127, -128, -128, -128, -128, -128, -128, -128, -128, -128, -126, -128, -128, -127, -128, -127, -128, -128, -128, -128, -128, -128, -128, -128, -127, -126, -128, -128, -127, -128, -128, -128, -128,
 -127, -126, -128, -128, -127, -128, -128, -128, -128, -128, -128, -128, -127, -128, -128, -128, -128, -128, -128, -128, -128, -127, -128, -128, -128, -128, -128, -127, -128, -128, -127, -128, -128, -128, -128, -127, -128, -128, -128, -127, -127, -128, -127, -128, -127,
 -128, -128, -128, -126, -128, -124, -128, -128, -126, -128, -128, -128, -128, -128, -127, -128, -128, -128, -128, -124, -127, -128, -128, -128, -128, -128, -128, -128, -127, -128, -128, -128, -128, -128, -128, -128, -128, -128, -128, -128, -127, -128, -128, -128, -128,
 -128, -128, -128, -128, -126, -128, -128, -128, -128, -127, -128, -128, -128, -128, -127, -128, -128, -127, -128, -127, -128, -128, -127, -128, -128, -128, -128, -127, -127, -127, -128, -127, -128, -128, -128, -127, -126, -127, -128, -128, -128, -128, -128, -128, -128,
 -127, -127, -128, -128, -128, -128, -128, -128, -128, -128, -128, -128, -128, -128, -128, -128, -128, -128, -127, -128, -128, -128, -128, -128, -128, -128, -128, -128, -128, -128, -128, -128, -128, -128, -128, -128, -128, -128, -128, -128, -128, -128, -128, -127, -127,
 -128, -128, -128, -125, -128, -128, -128, -127, -128, -128, -128, -128, -128, -128, -128, -128, -128, -127, -128, -128, -128, -128, -128, -128, -128, -128, -128, -128, -128, -128, -128, -128, -128, -128, -128, -128, -128, -128, -128, -128, -128, -128, -128, -128, -128,
 -128, -128, -128, -128, -128, -126, -128, -127, -128, -128, -128, -128, -128, -128, -128, -128, -128, -128, -128, -128, -128, -128, -127, -128, -127, -128, -128, -128, -128, -128, -128, -128, -128, -128, -128, -128, -128, -128, -128, -128, -128, -128, -128, -128, -128,
 -128, -128, -128, -128, -128, -128, -128, -128, -128, -128, -128
