Node:Reshape-64
input Tensor:mobilenetv2_quant_B+1280
input 1, 1, 1, 1001, 
input type:DT_INT8, format:NHWC, elementSize: 1001
input Data:
 -77, -76, -60, -50, -50, -40, -53, -41, -60, -67, -77, -72, -65, -73, -62, -67, -72, -57, -71, -55, -74, -69, -79, -72, -63, -75, -55, -65, -62, -69, -68, -59, -59, -79, -64, -48, -63, -55, -71, -67, -56, -64, -64, -56, -71,
 -59, -72, -36, -81, -63, -73, -61, -84, -64, -68, -75, -61, -77, -71, -64, -61, -46, -82, -73, -83, -85, -62, -75, -68, -54, -61, -56, -45, -60, -50, -68, -53, -72, -52, -67, -49, -73, -57, -71, -79, -51, -61, -72, -81, -60,
 -60, -68, -79, -56, -60, -48, -79, -69, -59, -71, -54, -58, -67, -75, -76, -82, -75, -75, -41, -45, -49, -60, -37, -53, -36, -49, -65, -76, -58, -73, -66, -58, -75, -76, -77, -78, -60, -74, -66, -76, -60, -72, -62, -58, -64,
 -65, -66, -54, -60, -74, -69, -75, -58, -71, -60, -77, -65, -72, -78, -67, -69, -77, -77, -87, -68, -75, -63, -76, -73, -69, -61, -93, -70, -64, -76, -61, -73, -67, -76, -77, -75, -73, -66, -59, -71, -76, -71, -83, -75, -55,
 -67, -69, -75, -69, -66, -58, -63, -74, -72, -77, -72, -59, -69, -74, -65, -76, -61, -64, -80, -83, -58, -64, -61, -65, -49, -65, -77, -72, -66, -59, -65, -70, -69, -69, -72, -91, -77, -80, -76, -72, -53, -82, -76, -80, -76,
 -63, -78, -92, -79, -82, -53, -58, -70, -72, -78, -63, -72, -56, -81, -77, -70, -70, -71, -51, -73, -90, -65, -68, -78, -59, -70, -72, -61, -80, -69, -73, -81, -81, -70, -74, -76, -56, -62, -91, -71, -64, -69, -71, -63, -84,
 -80, -74, -87, -75, -80, -71, -82, -71, -74, -73, -76, -64, -55, -67, -71, -68, -56, -90, -76, -82, -71, -81, -77, -78, -70, -71, -66, -50, -71, -75, -69, -67, -36, -60, -79, -58, -45, -64, -55, -41, -66, -28, -60, -64, -55,
 -63, -49, -53, -49, -55, -65, -60, -75, -69, -76, -63, -74, -69, -44, -49, -65, -62, -59, -78, -66, -76, -69, -76, -76, -75, -80, -68, -80, -86, -86, -68, -75, -77, -77, -79, -76, -84, -85, -72, -67, -71, -89, -70, -69, -75,
 -70, -85, -65, -62, -59, -81, -73, -56, -54, -79, -85, -70, -77, -72, -62, -74, -75, -87, -87, -69, -80, -75, -71, -79, -80, -85, -64, -66, -83, -84, -66, -60, -56, -75, -67, -85, -61, -60, -62, -79, -57, -73, -62, -54, -72,
 -85, -74, -92, -71, -82, -55, -86, -69, -57, -65, -71, -86, -59, -54, -44, -69, -73, -35, -76, -85, -89, -57, -53, -61, -55, -50, -63, -81, -71, -67, -45, -70, -65, -44, -89, -82, -36, -44, -96, -68, -89, -71, -57, -65, -65,
 -75, -98, -89, -78, -68, -74, -48, -78, -59, -55, -62, -54, -73, -53, -37, -80, -79, -79, -76, -64, -70, -68, -82, -57, -73, -53, -58, -88, -96, -59, -52, -58, -59, -67, -58, -59, -58, -76, -86, -36, -56, -42, -72, -70, -78,
 -67, -69, -63, -59, -63, -68, -78, -56, -61, -68, -66, -56, -45, -59, -61, -88, -70, -88, -72, -75, -72, -73, -85, -60, -82, -62, -74, -85, -64, -75, -55, -75, -85, -73, -56, -67, -43, -66, -83, -65, -70, -79, -66, -70, -57,
 -24, -77, -71, -66, -66, -86, -57, -81, -77, -87, -44, -85, -67, -55, -76, -76, -78, -75, -74, -83, -49, -61, -70, -25, -52, -74, -77, -64, -72, -73, -73, -53, -83, -69, -68, -22, -79, -80, -73, -64, -61, -58, -61, -79, -62,
 -98, -55, -91, -52, -74, -74, -82, -56, -70, -70, -73, -60, -53, -84, -76, -51, -51, -78, -62, -82, -48, -68, -57, -58, -59, -73, -71, -68, -92, -72, -67, -72, -38, -69, -62, -32, -63, -63, -37, -65, -76, -84, -28, -88, -67,
 -58, -58, -73, -61, -66, -91, -64, -76, -57, -74, -55, -46, -78, -71, -43, -22, -37, -32, -70, -72, -43, -51, -68, -69, -71, -83, -66, -82, -65, -94, -68, -72, -83, -76, -89, -63, -85, -69, -86, -81, -64, -72, -80, -64, -62,
 -54, -94, -84, -44, -79, -65, -71, -72, -59, -62, -87, -62, -76, -93, -62, -69, -66, -84, -66, -64, -62, -46, -50, -85, -78, -79, -54, -70, -69, -57, -53, -80, -85, -65, -68, -80, -62, -32, -71, -76, -58, -76, -44, -88, -60,
 -68, -58, -57, -49, -53, -75, -63, -98, -72, -53, -82, -50, -63, -72, -53, -68, -49, -57, -45, -63, -92, -73, -53, -74, -82, -64, -69, -57, -53, -72, -43, -56, -92, -71, -62, -91, -74, -64, -75, -84, -65, -58, -69, -91, -63,
 -66, -70, -90, -31, -59, -50, -58, -65, -73, -43, -72, -60, -58, -64, -74, -85, -80, -68, -64, -53, -60, -74, -83, -85, -86, -48, -67, -58, -37, -78, -27, -60, -59, -69, -73, -51, -87, -66, -85, -75, -34, -35, -71, -86, -66,
 -91, -62, -58, -79, -84, -70, -57, -89, -85, -34, -49, -84, -77, -75, -90, -50, -51, -65, -72, -52, -89, -78, -60, -81, -84, -65, -69, -67, -58, -67, -75, -57, -52, -68, -54, -16, -51, -49, -77, -64, -65, -56, -55, -38, -48,
 -62, -63, -79, -80, -51, -72, -73, -57, -71, -59, -86, -86, -67, -86, -63, -67, -54, -83, -47, -70, -76, -77, -68, -89, -70, -12, -76, -70, -59, -44, -67, -16, -80, -89, -67, -69, -90, -76, -31, -49, -70, -89, -57, -58, -31,
 -48, -59, -86, -83, -84, -31, -40, -88, -30, -43, -84, -59, -40, -68, -59, -80, -85, -67, -69, -73, -65, -57, -78, -80, -96, -82, -82, -71, -87, -76, -67, -85, -79, -74, -72, -87, -78, -58, -36, -64, -75, -97, -75, -90, -77,
 -76, -56, -63, -72, -57, -56, -62, -64, -57, -60, -60, -68, -71, -84, -43, -71, -86, -65, -79, -84, -81, -100, -48, -63, -48, -68, -84, -15, -47, -49, -62, -65, -61, -49, -46, -71, -45, -46, -80, -48, -39, -50, -71, -67, -63,
 -65, -74, -62, -72, -72, -88, -82, -69, -85, -73, -31
output Tensor:mobilenetv2_quant_B+0
output 1, 1001, 
output type:DT_INT8, format:NHWC, elementSize: 1001
output Data:
 -77, -76, -60, -50, -50, -40, -53, -41, -60, -67, -77, -72, -65, -73, -62, -67, -72, -57, -71, -55, -74, -69, -79, -72, -63, -75, -55, -65, -62, -69, -68, -59, -59, -79, -64, -48, -63, -55, -71, -67, -56, -64, -64, -56, -71,
 -59, -72, -36, -81, -63, -73, -61, -84, -64, -68, -75, -61, -77, -71, -64, -61, -46, -82, -73, -83, -85, -62, -75, -68, -54, -61, -56, -45, -60, -50, -68, -53, -72, -52, -67, -49, -73, -57, -71, -79, -51, -61, -72, -81, -60,
 -60, -68, -79, -56, -60, -48, -79, -69, -59, -71, -54, -58, -67, -75, -76, -82, -75, -75, -41, -45, -49, -60, -37, -53, -36, -49, -65, -76, -58, -73, -66, -58, -75, -76, -77, -78, -60, -74, -66, -76, -60, -72, -62, -58, -64,
 -65, -66, -54, -60, -74, -69, -75, -58, -71, -60, -77, -65, -72, -78, -67, -69, -77, -77, -87, -68, -75, -63, -76, -73, -69, -61, -93, -70, -64, -76, -61, -73, -67, -76, -77, -75, -73, -66, -59, -71, -76, -71, -83, -75, -55,
 -67, -69, -75, -69, -66, -58, -63, -74, -72, -77, -72, -59, -69, -74, -65, -76, -61, -64, -80, -83, -58, -64, -61, -65, -49, -65, -77, -72, -66, -59, -65, -70, -69, -69, -72, -91, -77, -80, -76, -72, -53, -82, -76, -80, -76,
 -63, -78, -92, -79, -82, -53, -58, -70, -72, -78, -63, -72, -56, -81, -77, -70, -70, -71, -51, -73, -90, -65, -68, -78, -59, -70, -72, -61, -80, -69, -73, -81, -81, -70, -74, -76, -56, -62, -91, -71, -64, -69, -71, -63, -84,
 -80, -74, -87, -75, -80, -71, -82, -71, -74, -73, -76, -64, -55, -67, -71, -68, -56, -90, -76, -82, -71, -81, -77, -78, -70, -71, -66, -50, -71, -75, -69, -67, -36, -60, -79, -58, -45, -64, -55, -41, -66, -28, -60, -64, -55,
 -63, -49, -53, -49, -55, -65, -60, -75, -69, -76, -63, -74, -69, -44, -49, -65, -62, -59, -78, -66, -76, -69, -76, -76, -75, -80, -68, -80, -86, -86, -68, -75, -77, -77, -79, -76, -84, -85, -72, -67, -71, -89, -70, -69, -75,
 -70, -85, -65, -62, -59, -81, -73, -56, -54, -79, -85, -70, -77, -72, -62, -74, -75, -87, -87, -69, -80, -75, -71, -79, -80, -85, -64, -66, -83, -84, -66, -60, -56, -75, -67, -85, -61, -60, -62, -79, -57, -73, -62, -54, -72,
 -85, -74, -92, -71, -82, -55, -86, -69, -57, -65, -71, -86, -59, -54, -44, -69, -73, -35, -76, -85, -89, -57, -53, -61, -55, -50, -63, -81, -71, -67, -45, -70, -65, -44, -89, -82, -36, -44, -96, -68, -89, -71, -57, -65, -65,
 -75, -98, -89, -78, -68, -74, -48, -78, -59, -55, -62, -54, -73, -53, -37, -80, -79, -79, -76, -64, -70, -68, -82, -57, -73, -53, -58, -88, -96, -59, -52, -58, -59, -67, -58, -59, -58, -76, -86, -36, -56, -42, -72, -70, -78,
 -67, -69, -63, -59, -63, -68, -78, -56, -61, -68, -66, -56, -45, -59, -61, -88, -70, -88, -72, -75, -72, -73, -85, -60, -82, -62, -74, -85, -64, -75, -55, -75, -85, -73, -56, -67, -43, -66, -83, -65, -70, -79, -66, -70, -57,
 -24, -77, -71, -66, -66, -86, -57, -81, -77, -87, -44, -85, -67, -55, -76, -76, -78, -75, -74, -83, -49, -61, -70, -25, -52, -74, -77, -64, -72, -73, -73, -53, -83, -69, -68, -22, -79, -80, -73, -64, -61, -58, -61, -79, -62,
 -98, -55, -91, -52, -74, -74, -82, -56, -70, -70, -73, -60, -53, -84, -76, -51, -51, -78, -62, -82, -48, -68, -57, -58, -59, -73, -71, -68, -92, -72, -67, -72, -38, -69, -62, -32, -63, -63, -37, -65, -76, -84, -28, -88, -67,
 -58, -58, -73, -61, -66, -91, -64, -76, -57, -74, -55, -46, -78, -71, -43, -22, -37, -32, -70, -72, -43, -51, -68, -69, -71, -83, -66, -82, -65, -94, -68, -72, -83, -76, -89, -63, -85, -69, -86, -81, -64, -72, -80, -64, -62,
 -54, -94, -84, -44, -79, -65, -71, -72, -59, -62, -87, -62, -76, -93, -62, -69, -66, -84, -66, -64, -62, -46, -50, -85, -78, -79, -54, -70, -69, -57, -53, -80, -85, -65, -68, -80, -62, -32, -71, -76, -58, -76, -44, -88, -60,
 -68, -58, -57, -49, -53, -75, -63, -98, -72, -53, -82, -50, -63, -72, -53, -68, -49, -57, -45, -63, -92, -73, -53, -74, -82, -64, -69, -57, -53, -72, -43, -56, -92, -71, -62, -91, -74, -64, -75, -84, -65, -58, -69, -91, -63,
 -66, -70, -90, -31, -59, -50, -58, -65, -73, -43, -72, -60, -58, -64, -74, -85, -80, -68, -64, -53, -60, -74, -83, -85, -86, -48, -67, -58, -37, -78, -27, -60, -59, -69, -73, -51, -87, -66, -85, -75, -34, -35, -71, -86, -66,
 -91, -62, -58, -79, -84, -70, -57, -89, -85, -34, -49, -84, -77, -75, -90, -50, -51, -65, -72, -52, -89, -78, -60, -81, -84, -65, -69, -67, -58, -67, -75, -57, -52, -68, -54, -16, -51, -49, -77, -64, -65, -56, -55, -38, -48,
 -62, -63, -79, -80, -51, -72, -73, -57, -71, -59, -86, -86, -67, -86, -63, -67, -54, -83, -47, -70, -76, -77, -68, -89, -70, -12, -76, -70, -59, -44, -67, -16, -80, -89, -67, -69, -90, -76, -31, -49, -70, -89, -57, -58, -31,
 -48, -59, -86, -83, -84, -31, -40, -88, -30, -43, -84, -59, -40, -68, -59, -80, -85, -67, -69, -73, -65, -57, -78, -80, -96, -82, -82, -71, -87, -76, -67, -85, -79, -74, -72, -87, -78, -58, -36, -64, -75, -97, -75, -90, -77,
 -76, -56, -63, -72, -57, -56, -62, -64, -57, -60, -60, -68, -71, -84, -43, -71, -86, -65, -79, -84, -81, -100, -48, -63, -48, -68, -84, -15, -47, -49, -62, -65, -61, -49, -46, -71, -45, -46, -80, -48, -39, -50, -71, -67, -63,
 -65, -74, -62, -72, -72, -88, -82, -69, -85, -73, -31
